<?xml version="1.0" encoding="UTF-8"?>
<testsuite name="tire.algebra.Vector3Test" tests="1" skipped="0" failures="0" errors="0" timestamp="2024-08-11T09:39:04" hostname="pavel" time="0.0">
  <properties/>
  <testcase name="dummyTest()" classname="tire.algebra.Vector3Test" time="0.0"/>
  <system-out><![CDATA[]]></system-out>
  <system-err><![CDATA[]]></system-err>
</testsuite>
