<?xml version="1.0" encoding="UTF-8"?>
<testsuite name="tire.algebra.Matrix4Test" tests="3" skipped="0" failures="0" errors="0" timestamp="2024-08-11T09:39:04" hostname="pavel" time="0.002">
  <properties/>
  <testcase name="copy()" classname="tire.algebra.Matrix4Test" time="0.0"/>
  <testcase name="idtt()" classname="tire.algebra.Matrix4Test" time="0.0"/>
  <testcase name="checkSize()" classname="tire.algebra.Matrix4Test" time="0.0"/>
  <system-out><![CDATA[]]></system-out>
  <system-err><![CDATA[]]></system-err>
</testsuite>
