<?xml version="1.0" encoding="UTF-8"?>
<testsuite name="tire.config.ConfigTest" tests="3" skipped="0" failures="0" errors="0" timestamp="2024-08-11T09:37:15" hostname="pavel" time="0.091">
  <properties/>
  <testcase name="checkFileExist()" classname="tire.config.ConfigTest" time="0.046"/>
  <testcase name="fileNameTest()" classname="tire.config.ConfigTest" time="0.001"/>
  <testcase name="checkValues()" classname="tire.config.ConfigTest" time="0.042"/>
  <system-out><![CDATA[]]></system-out>
  <system-err><![CDATA[]]></system-err>
</testsuite>
