<?xml version="1.0" encoding="UTF-8"?>
<testsuite name="tire.render.RenderTest" tests="1" skipped="0" failures="0" errors="0" timestamp="2024-08-11T09:37:16" hostname="pavel" time="0.013">
  <properties/>
  <testcase name="dummy()" classname="tire.render.RenderTest" time="0.013"/>
  <system-out><![CDATA[render test dummy
]]></system-out>
  <system-err><![CDATA[]]></system-err>
</testsuite>
